{"total": {"lines":{"total":359,"covered":359,"skipped":0,"pct":100},"statements":{"total":359,"covered":359,"skipped":0,"pct":100},"functions":{"total":20,"covered":20,"skipped":0,"pct":100},"branches":{"total":60,"covered":58,"skipped":0,"pct":96.66},"branchesTrue":{"total":0,"covered":0,"skipped":0,"pct":100}}
,"C:\\Arquivos\\Trello\\ExecutiveOperationReport\\EOP\\frontend\\src\\layouts\\Breadcrumb.tsx": {"lines":{"total":24,"covered":24,"skipped":0,"pct":100},"functions":{"total":1,"covered":1,"skipped":0,"pct":100},"statements":{"total":24,"covered":24,"skipped":0,"pct":100},"branches":{"total":8,"covered":7,"skipped":0,"pct":87.5}}
,"C:\\Arquivos\\Trello\\ExecutiveOperationReport\\EOP\\frontend\\src\\page-views\\registry.ts": {"lines":{"total":55,"covered":55,"skipped":0,"pct":100},"functions":{"total":7,"covered":7,"skipped":0,"pct":100},"statements":{"total":55,"covered":55,"skipped":0,"pct":100},"branches":{"total":9,"covered":9,"skipped":0,"pct":100}}
,"C:\\Arquivos\\Trello\\ExecutiveOperationReport\\EOP\\frontend\\src\\shared\\permissions.ts": {"lines":{"total":36,"covered":36,"skipped":0,"pct":100},"functions":{"total":3,"covered":3,"skipped":0,"pct":100},"statements":{"total":36,"covered":36,"skipped":0,"pct":100},"branches":{"total":5,"covered":5,"skipped":0,"pct":100}}
,"C:\\Arquivos\\Trello\\ExecutiveOperationReport\\EOP\\frontend\\src\\shared\\role-permissions.ts": {"lines":{"total":36,"covered":36,"skipped":0,"pct":100},"functions":{"total":1,"covered":1,"skipped":0,"pct":100},"statements":{"total":36,"covered":36,"skipped":0,"pct":100},"branches":{"total":3,"covered":3,"skipped":0,"pct":100}}
,"C:\\Arquivos\\Trello\\ExecutiveOperationReport\\EOP\\frontend\\src\\shared\\roles.ts": {"lines":{"total":23,"covered":23,"skipped":0,"pct":100},"functions":{"total":3,"covered":3,"skipped":0,"pct":100},"statements":{"total":23,"covered":23,"skipped":0,"pct":100},"branches":{"total":12,"covered":12,"skipped":0,"pct":100}}
,"C:\\Arquivos\\Trello\\ExecutiveOperationReport\\EOP\\frontend\\src\\shared\\auth\\PermissionGuard.tsx": {"lines":{"total":21,"covered":21,"skipped":0,"pct":100},"functions":{"total":1,"covered":1,"skipped":0,"pct":100},"statements":{"total":21,"covered":21,"skipped":0,"pct":100},"branches":{"total":4,"covered":4,"skipped":0,"pct":100}}
,"C:\\Arquivos\\Trello\\ExecutiveOperationReport\\EOP\\frontend\\src\\shared\\auth\\RoleGuard.tsx": {"lines":{"total":22,"covered":22,"skipped":0,"pct":100},"functions":{"total":1,"covered":1,"skipped":0,"pct":100},"statements":{"total":22,"covered":22,"skipped":0,"pct":100},"branches":{"total":6,"covered":5,"skipped":0,"pct":83.33}}
,"C:\\Arquivos\\Trello\\ExecutiveOperationReport\\EOP\\frontend\\src\\shared\\mocks\\portal.ts": {"lines":{"total":107,"covered":107,"skipped":0,"pct":100},"functions":{"total":1,"covered":1,"skipped":0,"pct":100},"statements":{"total":107,"covered":107,"skipped":0,"pct":100},"branches":{"total":1,"covered":1,"skipped":0,"pct":100}}
,"C:\\Arquivos\\Trello\\ExecutiveOperationReport\\EOP\\frontend\\src\\shared\\navigation\\breadcrumbs.ts": {"lines":{"total":17,"covered":17,"skipped":0,"pct":100},"functions":{"total":1,"covered":1,"skipped":0,"pct":100},"statements":{"total":17,"covered":17,"skipped":0,"pct":100},"branches":{"total":9,"covered":9,"skipped":0,"pct":100}}
,"C:\\Arquivos\\Trello\\ExecutiveOperationReport\\EOP\\frontend\\src\\shared\\navigation\\menu.ts": {"lines":{"total":18,"covered":18,"skipped":0,"pct":100},"functions":{"total":1,"covered":1,"skipped":0,"pct":100},"statements":{"total":18,"covered":18,"skipped":0,"pct":100},"branches":{"total":3,"covered":3,"skipped":0,"pct":100}}
}
